{
  "timestamp": "2026-06-28T14:44:05.806Z",
  "episodeUrl": "https://otakudesu.blog/episode/yscnd-s2-episode-3-sub-indo/",
  "targetQuality": "720p",
  "iframeUrl": "https://desustream.info/dstream/ondesu/new/hd/index.php?id=S2JjRSt3Ukg1dEJoWTVVKzhYTittQT09",
  "videoUrl": "https://rr4---sn-4g5ednkl.googlevideo.com/videoplayback?expire=1782686646&ei=NjNBateFIMuR2O8Phc2i4A4&ip=2a04:3543:1000:2310:30da:13ff:fead:6be6&id=adaf61f98fca9423&itag=22&source=blogger&requiressl=yes&xpc=Egho7Zf3LnoBAQ==&cps=0&met=1782657846,&mh=LV&mm=31&mn=sn-4g5ednkl&ms=au&mv=m&mvi=4&pl=64&rms=au,au&susc=bl&svpuc=1&eaua=OfoyTv86HTM&mime=video/mp4&vprv=1&rqh=1&dur=1460.256&lmt=1777202737720419&mt=1782657439&txp=1311224&sparams=expire,ei,ip,id,itag,source,requiressl,xpc,susc,svpuc,eaua,mime,vprv,rqh,dur,lmt&sig=AHEqNM4wRgIhAOysGWJHZ7x9hDEJzRhTM2hU-yhc8KFh41V9WxIr7-zXAiEAmkGU-pg4M9xg1AME_kL3jltcgU3PqBd3cOyyMmlri2M=&lsparams=cps,met,mh,mm,mn,ms,mv,mvi,pl,rms&lsig=APaTxxMwRgIhAPmBN_nmo0KNg4ZZwKBwReeg_uTSGd3dBJ1w7JU-SFRHAiEAmbbASeLB9VAJ9pag3PgHK7SHg3P_7-p0u5GZT0zNfmE=",
  "embedHtmlLength": 1492,
  "embedHtmlSnippet": "\n<!DOCTYPE html>\n<html lang=\"en\">\n\n<head>\n    <style>\n        * {\n            margin: 0;\n            padding: 0;\n            color: white;\n        }\n\n        body {\n            background: black;\n            display: flex;\n            justify-content: center;\n            align-items: center;\n            height: 100vh;\n        }\n\n        video {\n            height: 90vh;\n        }\n    </style>\n    <meta charset=\"UTF-8\">\n    <meta http-equiv=\"X-UA-Compatible\" content=\"IE=edge\">\n    <meta name=\"vie"
}

{
  "timestamp": "2026-06-28T14:48:27.139Z",
  "episodeUrl": "https://otakudesu.blog/episode/yscnd-s2-episode-5-sub-indo/",
  "targetQuality": "720p",
  "iframeUrl": "https://filedon.co/embed/ZRP5mRaYlP",
  "videoUrl": "https://4ee42e7b34bf3c2aec4681b9c17de08f.r2.cloudflarestorage.com/filedon/users/467/terbaru/otakudesuio-ycds2-05-720p-1778410084.mp4?response-content-disposition=attachment%3B%20filename%3D%22Otakudesu.io_YCD.S2--05_720p.mp4%22&response-cache-control=public%2C%20max-age%3D3600&response-content-type=application%2Foctet-stream&X-Amz-Content-Sha256=UNSIGNED-PAYLOAD&X-Amz-Algorithm=AWS4-HMAC-SHA256&X-Amz-Credential=41c0d949cad0166116cd6bdbe51a46a4%2F20260628%2FAPAC%2Fs3%2Faws4_request&X-Amz-Date=20260628T144828Z&X-Amz-SignedHeaders=host&X-Amz-Expires=3600&X-Amz-Signature=788a6f7f6fd58741363ed28f4dd5b71d79dac32a2144d7d6d87a1d63fce4978a",
  "embedHtmlLength": 120051,
  "embedHtmlSnippet": "<!DOCTYPE html>\n<html lang=\"en\" class=\"\">\n    <head>\n        <meta charset=\"utf-8\">\n        <meta name=\"viewport\" content=\"width=device-width, initial-scale=1\">\n        <meta name=\"csrf-token\" content=\"PkLSaooiMW0ve51svA1BM6EagXFEyS7zmIqptZl1\">\n        <title>Filedon – Secure Online File Storage & Sharing</title>\n        <meta name=\"description\" content=\"Store, manage, and share your files online with Filedon. Secure cloud storage with fast downloads and simple file sharing.\">\n\n\n        \n       ",
  "isGoogleVideo": false
}

{
  "timestamp": "2026-06-28T14:49:09.449Z",
  "episodeUrl": "https://otakudesu.blog/episode/sdhm-episode-3-sub-indo/",
  "targetQuality": "720p",
  "iframeUrl": "https://desustream.info/dstream/ondesu/new/hd/index.php?id=TVNacGF0T1JDZDFjRVVYamRxRzlMdz09",
  "videoUrl": "https://rr1---sn-i3b7knlk.googlevideo.com/videoplayback?expire=1782686951&ei=ZzRBarbTAebS-eUPiPWpkAY&ip=2a04:3543:1000:2310:30da:13ff:fead:6be6&id=8ec043b1c036513f&itag=22&source=blogger&requiressl=yes&xpc=Egho7Zf3LnoBAQ==&cps=1&met=1782658151,&mh=tx&mm=31&mn=sn-i3b7knlk&ms=au&mv=m&mvi=1&pl=64&rms=au,au&susc=bl&svpuc=1&eaua=OfoyTv86HTM&mime=video/mp4&vprv=1&rqh=1&dur=1420.178&lmt=1776095105101227&mt=1782657691&txp=1311224&sparams=expire,ei,ip,id,itag,source,requiressl,xpc,susc,svpuc,eaua,mime,vprv,rqh,dur,lmt&sig=AHEqNM4wRAIga0U-sIv5A9qkUi8fjFUwtyLRLK3kqNpwKKzK_d2pAD8CIFbqGz-hcbtiPHgAvmLgdi0Ai5OWKzQgR25HVOVWnBcr&lsparams=cps,met,mh,mm,mn,ms,mv,mvi,pl,rms&lsig=APaTxxMwRAIgP7Hgkpiq5OSoSnYJQkzOTj-PIHnMX6kL1N29Yc3DLHkCIHmX9m8oA7nv-NetEeFVRZ-UqVERej5ORdRXXrZ5u5Gd",
  "embedHtmlLength": 1484,
  "embedHtmlSnippet": "\n<!DOCTYPE html>\n<html lang=\"en\">\n\n<head>\n    <style>\n        * {\n            margin: 0;\n            padding: 0;\n            color: white;\n        }\n\n        body {\n            background: black;\n            display: flex;\n            justify-content: center;\n            align-items: center;\n            height: 100vh;\n        }\n\n        video {\n            height: 90vh;\n        }\n    </style>\n    <meta charset=\"UTF-8\">\n    <meta http-equiv=\"X-UA-Compatible\" content=\"IE=edge\">\n    <meta name=\"vie",
  "isGoogleVideo": true
}

{
  "timestamp": "2026-06-28T14:49:46.485Z",
  "episodeUrl": "https://otakudesu.blog/episode/yscnd-s2-episode-2-sub-indo/",
  "targetQuality": "720p",
  "iframeUrl": "https://desustream.info/dstream/ondesu/new/hd/index.php?id=SE10QTI4dWdiOGREcmRiQkZBR0p3UT09",
  "videoUrl": "https://rr4---sn-i3b7kn6k.googlevideo.com/videoplayback?expire=1782686988&ei=jDRBauSjA83m2O8Py9CjgAQ&ip=2a04:3543:1000:2310:30da:13ff:fead:6be6&id=c4c3484e787aa79a&itag=22&source=blogger&requiressl=yes&xpc=Egho7Zf3LnoBAQ==&cps=0&met=1782658188,&mh=By&mm=31&mn=sn-i3b7kn6k&ms=au&mv=m&mvi=4&pl=64&rms=au,au&susc=bl&svpuc=1&eaua=OfoyTv86HTM&mime=video/mp4&vprv=1&rqh=1&dur=1460.256&lmt=1776603612148384&mt=1782657691&txp=1311224&sparams=expire,ei,ip,id,itag,source,requiressl,xpc,susc,svpuc,eaua,mime,vprv,rqh,dur,lmt&sig=AHEqNM4wRgIhAItLQ7XL3oHmslWNbmR_dBJZyhzUuiMRhp88cdh-_owAAiEA_6Z0pBxfqlYSAhWpY66ZMR2SFrItZxj0z5F4w49_-XE=&lsparams=cps,met,mh,mm,mn,ms,mv,mvi,pl,rms&lsig=APaTxxMwRgIhAPLBuIX2eha7jQT3sYaUy6eo8DcB_iVKsa9SdQUfdlHCAiEAtnzGrPRUJe7XZJp1lBsnN2k0fGv_k-NUErEDjW5bTMc=",
  "embedHtmlLength": 1492,
  "embedHtmlSnippet": "\n<!DOCTYPE html>\n<html lang=\"en\">\n\n<head>\n    <style>\n        * {\n            margin: 0;\n            padding: 0;\n            color: white;\n        }\n\n        body {\n            background: black;\n            display: flex;\n            justify-content: center;\n            align-items: center;\n            height: 100vh;\n        }\n\n        video {\n            height: 90vh;\n        }\n    </style>\n    <meta charset=\"UTF-8\">\n    <meta http-equiv=\"X-UA-Compatible\" content=\"IE=edge\">\n    <meta name=\"vie",
  "isGoogleVideo": true
}

